[2025-07-03T08:38:23.336706+00:00] genfin.INFO: Genfin API Authentication: {"result":"OK","errorCode":0,"errorDesc":"","apiGUID":"A9F49AE5-1E43-413C-A13B-74B9D5B25610","authenticationGUID":"c2632044-07e9-0007-0308-152d01010101","errorValuePairs":[]} []
[2025-07-03T08:38:23.647377+00:00] genfin.ERROR: Genfin API Lead Response: {"error":true,"message":"Client error: `POST https://stagingapi.genfin.co.za/GenfinAPI/lead` resulted in a `400 Bad Request` response:\n{\"type\":\"https://tools.ietf.org/html/rfc9110#section-15.5.1\",\"title\":\"One or more validation errors occurred.\",\"status\": (truncated...)\n","status":400,"body":"{\"type\":\"https://tools.ietf.org/html/rfc9110#section-15.5.1\",\"title\":\"One or more validation errors occurred.\",\"status\":400,\"errors\":{\"leadValue\":[\"The leadValue field is required.\"],\"$.ipAddress\":[\"The JSON value could not be converted to System.String. Path: $.ipAddress | LineNumber: 0 | BytePositionInLine: 52.\"]},\"traceId\":\"00-adf73a258e4085e68942cda70885d829-52881f441c2290b7-00\"}"} []
[2025-07-03T08:38:23.647652+00:00] genfin.INFO: Received Webhook Payload and process API {"error":true,"message":"Client error: `POST https://stagingapi.genfin.co.za/GenfinAPI/lead` resulted in a `400 Bad Request` response:\n{\"type\":\"https://tools.ietf.org/html/rfc9110#section-15.5.1\",\"title\":\"One or more validation errors occurred.\",\"status\": (truncated...)\n","status":400,"body":"{\"type\":\"https://tools.ietf.org/html/rfc9110#section-15.5.1\",\"title\":\"One or more validation errors occurred.\",\"status\":400,\"errors\":{\"leadValue\":[\"The leadValue field is required.\"],\"$.ipAddress\":[\"The JSON value could not be converted to System.String. Path: $.ipAddress | LineNumber: 0 | BytePositionInLine: 52.\"]},\"traceId\":\"00-adf73a258e4085e68942cda70885d829-52881f441c2290b7-00\"}"} []
[2025-07-03T08:39:17.061743+00:00] genfin.INFO: Genfin API Authentication: {"result":"OK","errorCode":0,"errorDesc":"","apiGUID":"35689CE5-14FB-4528-95BF-C2E46113B34C","authenticationGUID":"c2632044-07e9-0007-0308-152d01010101","errorValuePairs":[]} []
[2025-07-03T08:39:18.340348+00:00] genfin.INFO: Genfin API Lead Response: {"result":"OK","errorCode":0,"errorDesc":"","leadID":"136995","errorValuePairs":[]} []
[2025-07-03T08:39:18.340518+00:00] genfin.INFO: Received Webhook Payload and process API {"result":"OK","errorCode":0,"errorDesc":"","leadID":"136995","errorValuePairs":[]} []
[2025-07-03T08:50:55.755669+00:00] genfin.INFO: Genfin API Authentication: {"result":"OK","errorCode":0,"errorDesc":"","apiGUID":"CCDB7EB6-7EFC-4976-9127-7A85E3781F4B","authenticationGUID":"c2632044-07e9-0007-0308-152d01010101","errorValuePairs":[]} []
[2025-07-03T08:50:56.086017+00:00] genfin.INFO: Genfin API Lead Response: {"result":"OK","errorCode":0,"errorDesc":"","leadID":"136996","errorValuePairs":[]} []
[2025-07-03T08:50:56.086189+00:00] genfin.INFO: Received Webhook Payload and process API {"result":"OK","errorCode":0,"errorDesc":"","leadID":"136996","errorValuePairs":[]} []
[2025-07-03T08:52:00.738067+00:00] genfin.INFO: Genfin API Authentication: {"result":"OK","errorCode":0,"errorDesc":"","apiGUID":"5D9EF925-671F-4540-8564-99E04DC3B640","authenticationGUID":"c2632044-07e9-0007-0308-152d01010101","errorValuePairs":[]} []
[2025-07-03T08:52:00.965631+00:00] genfin.INFO: Genfin API Lead Response: {"result":"OK","errorCode":0,"errorDesc":"","leadID":"136997","errorValuePairs":[]} []
[2025-07-03T08:52:00.965829+00:00] genfin.INFO: Received Webhook Payload and process API {"result":"OK","errorCode":0,"errorDesc":"","leadID":"136997","errorValuePairs":[]} []
[2025-07-03T08:54:21.305575+00:00] genfin.INFO: Genfin API Authentication: {"result":"OK","errorCode":0,"errorDesc":"","apiGUID":"A5817150-6FF3-4FA6-AA2F-7E3F3BB20776","authenticationGUID":"c2632044-07e9-0007-0308-152d01010101","errorValuePairs":[]} []
[2025-07-03T08:54:21.525801+00:00] genfin.INFO: Genfin API Lead Response: {"result":"OK","errorCode":0,"errorDesc":"","leadID":"136998","errorValuePairs":[]} []
[2025-07-03T08:54:21.526041+00:00] genfin.INFO: Received Webhook Payload and process API {"result":"OK","errorCode":0,"errorDesc":"","leadID":"136998","errorValuePairs":[]} []
[2025-07-03T08:55:01.291166+00:00] genfin.INFO: Genfin API Authentication: {"result":"OK","errorCode":0,"errorDesc":"","apiGUID":"6D076894-85A2-499E-89E6-3404980C4225","authenticationGUID":"c2632044-07e9-0007-0308-152d01010101","errorValuePairs":[]} []
[2025-07-03T08:55:01.618479+00:00] genfin.INFO: Genfin API Lead Response: {"result":"OK","errorCode":0,"errorDesc":"","leadID":"136999","errorValuePairs":[]} []
[2025-07-03T08:55:01.618641+00:00] genfin.INFO: Received Webhook Payload and process API {"result":"OK","errorCode":0,"errorDesc":"","leadID":"136999","errorValuePairs":[]} []
[2025-07-03T09:29:37.916076+00:00] genfin.INFO: Genfin API Authentication: {"result":"OK","errorCode":0,"errorDesc":"","apiGUID":"466BCE34-C4F4-4534-9756-D47BB993C19A","authenticationGUID":"c2632044-07e9-0007-0308-152d01010101","errorValuePairs":[]} []
[2025-07-03T09:29:39.624078+00:00] genfin.INFO: Genfin API Lead Response: {"result":"OK","errorCode":0,"errorDesc":"","leadID":"137000","errorValuePairs":[]} []
[2025-07-03T09:29:39.624248+00:00] genfin.INFO: Received Webhook Payload and process API {"result":"OK","errorCode":0,"errorDesc":"","leadID":"137000","errorValuePairs":[]} []
